\BOOKMARK [0][-]{chapter*.1}{\376\377\000P\000r\000\351\000f\000a\000c\000e}{}% 1
\BOOKMARK [0][-]{chapter.1}{\376\377\000N\000o\000t\000r\000e\000\040\000V\000i\000s\000i\000o\000n}{}% 2
\BOOKMARK [0][-]{chapter.2}{\376\377\000N\000o\000t\000r\000e\000\040\000M\000i\000s\000s\000i\000o\000n}{}% 3
\BOOKMARK [0][-]{chapter.3}{\376\377\000N\000o\000s\000\040\000V\000a\000l\000e\000u\000r\000s}{}% 4
\BOOKMARK [1][-]{section.3.1}{\376\377\000I\000n\000n\000o\000v\000a\000t\000i\000o\000n}{chapter.3}% 5
\BOOKMARK [1][-]{section.3.2}{\376\377\000E\000x\000c\000e\000l\000l\000e\000n\000c\000e}{chapter.3}% 6
\BOOKMARK [1][-]{section.3.3}{\376\377\000C\000r\000\351\000a\000t\000i\000v\000i\000t\000\351}{chapter.3}% 7
\BOOKMARK [1][-]{section.3.4}{\376\377\000T\000r\000a\000n\000s\000p\000a\000r\000e\000n\000c\000e}{chapter.3}% 8
\BOOKMARK [1][-]{section.3.5}{\376\377\000S\000\351\000c\000u\000r\000i\000t\000\351}{chapter.3}% 9
\BOOKMARK [0][-]{chapter.4}{\376\377\000O\000r\000g\000a\000n\000i\000s\000a\000t\000i\000o\000n}{}% 10
\BOOKMARK [1][-]{section.4.1}{\376\377\000C\000r\000\351\000a\000t\000i\000o\000n\000\040\000G\000r\000a\000p\000h\000i\000q\000u\000e}{chapter.4}% 11
\BOOKMARK [1][-]{section.4.2}{\376\377\000D\000\351\000v\000e\000l\000o\000p\000p\000e\000m\000e\000n\000t\000\040\000W\000e\000b}{chapter.4}% 12
\BOOKMARK [1][-]{section.4.3}{\376\377\000D\000\351\000v\000e\000l\000o\000p\000p\000e\000m\000e\000n\000t\000\040\000M\000o\000b\000i\000l\000e}{chapter.4}% 13
\BOOKMARK [1][-]{section.4.4}{\376\377\000M\000a\000r\000k\000e\000t\000i\000n\000g\000\040\000D\000i\000g\000i\000t\000a\000l}{chapter.4}% 14
\BOOKMARK [1][-]{section.4.5}{\376\377\000I\000n\000t\000e\000l\000l\000i\000g\000e\000n\000c\000e\000\040\000A\000r\000t\000i\000f\000i\000c\000i\000e\000l\000l\000e}{chapter.4}% 15
\BOOKMARK [0][-]{chapter.5}{\376\377\000D\000\351\000c\000o\000r\000a\000t\000i\000o\000n\000\040\000e\000t\000\040\000A\000r\000t}{}% 16
\BOOKMARK [0][-]{chapter.6}{\376\377\000\311\000c\000o\000s\000y\000s\000t\000\350\000m\000e}{}% 17
\BOOKMARK [0][-]{chapter.7}{\376\377\000P\000o\000s\000i\000t\000i\000o\000n\000n\000e\000m\000e\000n\000t}{}% 18
\BOOKMARK [0][-]{chapter.8}{\376\377\000P\000u\000b\000l\000i\000c\000\040\000C\000i\000b\000l\000e}{}% 19
\BOOKMARK [0][-]{chapter.9}{\376\377\000P\000r\000o\000p\000o\000s\000i\000t\000i\000o\000n\000\040\000d\000e\000\040\000V\000a\000l\000e\000u\000r}{}% 20
\BOOKMARK [0][-]{chapter.10}{\376\377\000P\000e\000r\000s\000p\000e\000c\000t\000i\000v\000e\000s\000\040\000d\000'\000\311\000v\000o\000l\000u\000t\000i\000o\000n}{}% 21
\BOOKMARK [0][-]{chapter.11}{\376\377\000C\000h\000a\000r\000t\000e\000\040\000G\000r\000a\000p\000h\000i\000q\000u\000e}{}% 22
\BOOKMARK [1][-]{section.11.1}{\376\377\000P\000a\000l\000e\000t\000t\000e\000\040\000d\000e\000\040\000C\000o\000u\000l\000e\000u\000r\000s}{chapter.11}% 23
\BOOKMARK [1][-]{section.11.2}{\376\377\000T\000y\000p\000o\000g\000r\000a\000p\000h\000i\000e}{chapter.11}% 24
\BOOKMARK [1][-]{section.11.3}{\376\377\000\311\000l\000\351\000m\000e\000n\000t\000s\000\040\000G\000r\000a\000p\000h\000i\000q\000u\000e\000s}{chapter.11}% 25
\BOOKMARK [0][-]{appendix.A}{\376\377\000G\000l\000o\000s\000s\000a\000i\000r\000e}{}% 26
\BOOKMARK [0][-]{appendix.B}{\376\377\000C\000o\000n\000t\000a\000c\000t\000s}{}% 27
\BOOKMARK [1][-]{section.B.1}{\376\377\000\311\000q\000u\000i\000p\000e\000\040\000d\000e\000\040\000D\000i\000r\000e\000c\000t\000i\000o\000n}{appendix.B}% 28
\BOOKMARK [1][-]{section.B.2}{\376\377\000S\000u\000p\000p\000o\000r\000t}{appendix.B}% 29
