\BOOKMARK [-1][-]{part.1}{\376\377\000I\000\040\000V\000O\000L\000U\000M\000E\000\040\0001\000\040\000-\000\040\000P\000R\000\311\000S\000E\000N\000T\000A\000T\000I\000O\000N\000\040\000D\000E\000\040\000L\000'\000E\000N\000T\000R\000E\000P\000R\000I\000S\000E}{}% 1
\BOOKMARK [0][-]{chapter.1}{\376\377\000P\000r\000\351\000s\000e\000n\000t\000a\000t\000i\000o\000n\000\040\000G\000\351\000n\000\351\000r\000a\000l\000e}{part.1}% 2
\BOOKMARK [1][-]{section.1.1}{\376\377\000I\000d\000e\000n\000t\000i\000t\000\351\000\040\000d\000e\000\040\000l\000'\000E\000n\000t\000r\000e\000p\000r\000i\000s\000e}{chapter.1}% 3
\BOOKMARK [2][-]{subsection.1.1.1}{\376\377\000D\000\351\000n\000o\000m\000i\000n\000a\000t\000i\000o\000n\000\040\000S\000o\000c\000i\000a\000l\000e}{section.1.1}% 4
\BOOKMARK [2][-]{subsection.1.1.2}{\376\377\000V\000i\000s\000i\000o\000n}{section.1.1}% 5
\BOOKMARK [2][-]{subsection.1.1.3}{\376\377\000M\000i\000s\000s\000i\000o\000n}{section.1.1}% 6
\BOOKMARK [2][-]{subsection.1.1.4}{\376\377\000V\000a\000l\000e\000u\000r\000s\000\040\000F\000o\000n\000d\000a\000m\000e\000n\000t\000a\000l\000e\000s}{section.1.1}% 7
\BOOKMARK [1][-]{section.1.2}{\376\377\000H\000i\000s\000t\000o\000i\000r\000e\000\040\000d\000e\000\040\000l\000'\000E\000n\000t\000r\000e\000p\000r\000i\000s\000e}{chapter.1}% 8
\BOOKMARK [1][-]{section.1.3}{\376\377\000C\000h\000a\000r\000t\000e\000\040\000G\000r\000a\000p\000h\000i\000q\000u\000e}{chapter.1}% 9
\BOOKMARK [2][-]{subsection.1.3.1}{\376\377\000P\000a\000l\000e\000t\000t\000e\000\040\000d\000e\000\040\000C\000o\000u\000l\000e\000u\000r\000s}{section.1.3}% 10
\BOOKMARK [2][-]{subsection.1.3.2}{\376\377\000T\000y\000p\000o\000g\000r\000a\000p\000h\000i\000e}{section.1.3}% 11
\BOOKMARK [-1][-]{part.2}{\376\377\000I\000I\000\040\000V\000O\000L\000U\000M\000E\000\040\0002\000\040\000-\000\040\000C\000A\000T\000A\000L\000O\000G\000U\000E\000\040\000D\000E\000S\000\040\000S\000E\000R\000V\000I\000C\000E\000S}{}% 12
\BOOKMARK [0][-]{chapter.2}{\376\377\000D\000\351\000v\000e\000l\000o\000p\000p\000e\000m\000e\000n\000t\000\040\000W\000e\000b}{part.2}% 13
\BOOKMARK [1][-]{section.2.1}{\376\377\000P\000r\000\351\000s\000e\000n\000t\000a\000t\000i\000o\000n}{chapter.2}% 14
\BOOKMARK [2][-]{subsection.2.1.1}{\376\377\000S\000e\000r\000v\000i\000c\000e\000s}{section.2.1}% 15
\BOOKMARK [2][-]{subsection.2.1.2}{\376\377\000T\000e\000c\000h\000n\000o\000l\000o\000g\000i\000e\000s}{section.2.1}% 16
\BOOKMARK [0][-]{chapter.3}{\376\377\000D\000\351\000v\000e\000l\000o\000p\000p\000e\000m\000e\000n\000t\000\040\000M\000o\000b\000i\000l\000e}{part.2}% 17
\BOOKMARK [1][-]{section.3.1}{\376\377\000S\000e\000r\000v\000i\000c\000e\000s}{chapter.3}% 18
\BOOKMARK [0][-]{chapter.4}{\376\377\000D\000e\000s\000i\000g\000n\000\040\000U\000I\000/\000U\000X}{part.2}% 19
\BOOKMARK [1][-]{section.4.1}{\376\377\000E\000x\000p\000e\000r\000t\000i\000s\000e\000s}{chapter.4}% 20
\BOOKMARK [0][-]{chapter.5}{\376\377\000B\000r\000a\000n\000d\000i\000n\000g\000\040\000e\000t\000\040\000I\000d\000e\000n\000t\000i\000t\000\351\000\040\000V\000i\000s\000u\000e\000l\000l\000e}{part.2}% 21
\BOOKMARK [1][-]{section.5.1}{\376\377\000S\000e\000r\000v\000i\000c\000e\000s}{chapter.5}% 22
\BOOKMARK [0][-]{chapter.6}{\376\377\000M\000a\000r\000k\000e\000t\000i\000n\000g\000\040\000D\000i\000g\000i\000t\000a\000l}{part.2}% 23
\BOOKMARK [1][-]{section.6.1}{\376\377\000D\000o\000m\000a\000i\000n\000e\000s}{chapter.6}% 24
\BOOKMARK [0][-]{chapter.7}{\376\377\000I\000n\000t\000e\000l\000l\000i\000g\000e\000n\000c\000e\000\040\000A\000r\000t\000i\000f\000i\000c\000i\000e\000l\000l\000e}{part.2}% 25
\BOOKMARK [1][-]{section.7.1}{\376\377\000S\000e\000r\000v\000i\000c\000e\000s}{chapter.7}% 26
\BOOKMARK [-1][-]{part.3}{\376\377\000I\000I\000I\000\040\000V\000O\000L\000U\000M\000E\000\040\0003\000\040\000-\000\040\000A\000I\000\040\000C\000R\000E\000A\000T\000I\000V\000E\000\040\000S\000T\000U\000D\000I\000O}{}% 27
\BOOKMARK [0][-]{chapter.8}{\376\377\000P\000r\000\351\000s\000e\000n\000t\000a\000t\000i\000o\000n\000\040\000d\000u\000\040\000S\000t\000u\000d\000i\000o\000\040\000I\000A}{part.3}% 28
\BOOKMARK [1][-]{section.8.1}{\376\377\000V\000i\000s\000i\000o\000n}{chapter.8}% 29
\BOOKMARK [1][-]{section.8.2}{\376\377\000I\000n\000f\000r\000a\000s\000t\000r\000u\000c\000t\000u\000r\000e\000s}{chapter.8}% 30
\BOOKMARK [0][-]{chapter.9}{\376\377\000O\000u\000t\000i\000l\000s\000\040\000d\000u\000\040\000S\000t\000u\000d\000i\000o}{part.3}% 31
\BOOKMARK [1][-]{section.9.1}{\376\377\000A\000I\000\040\000A\000r\000t\000\040\000S\000t\000u\000d\000i\000o}{chapter.9}% 32
\BOOKMARK [1][-]{section.9.2}{\376\377\000A\000I\000\040\000L\000o\000g\000o\000\040\000D\000e\000s\000i\000g\000n\000e\000r}{chapter.9}% 33
\BOOKMARK [1][-]{section.9.3}{\376\377\000A\000I\000\040\000I\000m\000a\000g\000e\000\040\000E\000d\000i\000t\000o\000r}{chapter.9}% 34
\BOOKMARK [1][-]{section.9.4}{\376\377\000A\000I\000\040\000P\000r\000o\000m\000p\000t\000\040\000B\000u\000i\000l\000d\000e\000r}{chapter.9}% 35
\BOOKMARK [0][-]{chapter.10}{\376\377\000M\000o\000d\000u\000l\000e\000s\000\040\000S\000p\000\351\000c\000i\000a\000l\000i\000s\000\351\000s}{part.3}% 36
\BOOKMARK [1][-]{section.10.1}{\376\377\000A\000I\000\040\000I\000n\000t\000e\000r\000i\000o\000r\000\040\000D\000e\000s\000i\000g\000n\000e\000r}{chapter.10}% 37
\BOOKMARK [1][-]{section.10.2}{\376\377\000A\000I\000\040\000M\000o\000c\000k\000u\000p\000\040\000G\000e\000n\000e\000r\000a\000t\000o\000r}{chapter.10}% 38
\BOOKMARK [-1][-]{part.4}{\376\377\000I\000V\000\040\000V\000O\000L\000U\000M\000E\000\040\0004\000\040\000-\000\040\000M\000A\000R\000K\000E\000T\000P\000L\000A\000C\000E}{}% 39
\BOOKMARK [0][-]{chapter.11}{\376\377\000P\000r\000\351\000s\000e\000n\000t\000a\000t\000i\000o\000n}{part.4}% 40
\BOOKMARK [1][-]{section.11.1}{\376\377\000C\000o\000n\000c\000e\000p\000t}{chapter.11}% 41
\BOOKMARK [1][-]{section.11.2}{\376\377\000C\000a\000t\000\351\000g\000o\000r\000i\000e\000s}{chapter.11}% 42
\BOOKMARK [0][-]{chapter.12}{\376\377\000G\000e\000s\000t\000i\000o\000n}{part.4}% 43
\BOOKMARK [1][-]{section.12.1}{\376\377\000P\000r\000o\000c\000e\000s\000s\000u\000s\000\040\000d\000e\000\040\000V\000e\000n\000t\000e}{chapter.12}% 44
\BOOKMARK [1][-]{section.12.2}{\376\377\000L\000i\000c\000e\000n\000c\000e\000s}{chapter.12}% 45
\BOOKMARK [-1][-]{part.5}{\376\377\000V\000\040\000V\000O\000L\000U\000M\000E\000\040\0005\000\040\000-\000\040\000E\000R\000P}{}% 46
\BOOKMARK [0][-]{chapter.13}{\376\377\000M\000o\000d\000u\000l\000e\000s}{part.5}% 47
\BOOKMARK [1][-]{section.13.1}{\376\377\000C\000R\000M}{chapter.13}% 48
\BOOKMARK [1][-]{section.13.2}{\376\377\000G\000e\000s\000t\000i\000o\000n\000\040\000C\000o\000m\000m\000e\000r\000c\000i\000a\000l\000e}{chapter.13}% 49
\BOOKMARK [1][-]{section.13.3}{\376\377\000G\000e\000s\000t\000i\000o\000n\000\040\000F\000i\000n\000a\000n\000c\000i\000\350\000r\000e}{chapter.13}% 50
\BOOKMARK [1][-]{section.13.4}{\376\377\000G\000e\000s\000t\000i\000o\000n\000\040\000d\000e\000s\000\040\000P\000r\000o\000j\000e\000t\000s}{chapter.13}% 51
\BOOKMARK [1][-]{section.13.5}{\376\377\000G\000e\000s\000t\000i\000o\000n\000\040\000d\000e\000s\000\040\000T\000\342\000c\000h\000e\000s}{chapter.13}% 52
\BOOKMARK [0][-]{chapter.14}{\376\377\000C\000o\000m\000m\000u\000n\000i\000c\000a\000t\000i\000o\000n}{part.5}% 53
\BOOKMARK [1][-]{section.14.1}{\376\377\000M\000e\000s\000s\000a\000g\000e\000r\000i\000e}{chapter.14}% 54
\BOOKMARK [1][-]{section.14.2}{\376\377\000N\000o\000t\000i\000f\000i\000c\000a\000t\000i\000o\000n\000s}{chapter.14}% 55
\BOOKMARK [-1][-]{part.6}{\376\377\000V\000I\000\040\000V\000O\000L\000U\000M\000E\000\040\0006\000\040\000-\000\040\000C\000E\000N\000T\000R\000E\000\040\000I\000A}{}% 56
\BOOKMARK [0][-]{chapter.15}{\376\377\000A\000g\000e\000n\000t\000s\000\040\000I\000A}{part.6}% 57
\BOOKMARK [1][-]{section.15.1}{\376\377\000C\000o\000n\000c\000e\000p\000t}{chapter.15}% 58
\BOOKMARK [0][-]{chapter.16}{\376\377\000C\000E\000O\000\040\000A\000I}{part.6}% 59
\BOOKMARK [1][-]{section.16.1}{\376\377\000M\000i\000s\000s\000i\000o\000n}{chapter.16}% 60
\BOOKMARK [1][-]{section.16.2}{\376\377\000F\000o\000n\000c\000t\000i\000o\000n\000s}{chapter.16}% 61
\BOOKMARK [0][-]{chapter.17}{\376\377\000C\000o\000m\000m\000e\000r\000c\000i\000a\000l\000\040\000A\000I}{part.6}% 62
\BOOKMARK [1][-]{section.17.1}{\376\377\000M\000i\000s\000s\000i\000o\000n}{chapter.17}% 63
\BOOKMARK [0][-]{chapter.18}{\376\377\000M\000a\000r\000k\000e\000t\000i\000n\000g\000\040\000A\000I}{part.6}% 64
\BOOKMARK [1][-]{section.18.1}{\376\377\000M\000i\000s\000s\000i\000o\000n}{chapter.18}% 65
\BOOKMARK [0][-]{chapter.19}{\376\377\000D\000e\000s\000i\000g\000n\000e\000r\000\040\000A\000I}{part.6}% 66
\BOOKMARK [1][-]{section.19.1}{\376\377\000M\000i\000s\000s\000i\000o\000n}{chapter.19}% 67
\BOOKMARK [0][-]{chapter.20}{\376\377\000D\000e\000v\000e\000l\000o\000p\000e\000r\000\040\000A\000I}{part.6}% 68
\BOOKMARK [1][-]{section.20.1}{\376\377\000M\000i\000s\000s\000i\000o\000n}{chapter.20}% 69
\BOOKMARK [0][-]{chapter.21}{\376\377\000F\000i\000n\000a\000n\000c\000e\000\040\000A\000I}{part.6}% 70
\BOOKMARK [1][-]{section.21.1}{\376\377\000M\000i\000s\000s\000i\000o\000n}{chapter.21}% 71
\BOOKMARK [0][-]{chapter.22}{\376\377\000R\000H\000\040\000A\000I}{part.6}% 72
\BOOKMARK [1][-]{section.22.1}{\376\377\000M\000i\000s\000s\000i\000o\000n}{chapter.22}% 73
\BOOKMARK [0][-]{chapter.23}{\376\377\000S\000u\000p\000p\000o\000r\000t\000\040\000A\000I}{part.6}% 74
\BOOKMARK [1][-]{section.23.1}{\376\377\000M\000i\000s\000s\000i\000o\000n}{chapter.23}% 75
\BOOKMARK [0][-]{chapter.24}{\376\377\000A\000u\000t\000r\000e\000s\000\040\000A\000g\000e\000n\000t\000s}{part.6}% 76
\BOOKMARK [-1][-]{part.7}{\376\377\000V\000I\000I\000\040\000V\000O\000L\000U\000M\000E\000\040\0007\000\040\000-\000\040\000D\000A\000S\000H\000B\000O\000A\000R\000D\000\040\000F\000O\000N\000D\000A\000T\000E\000U\000R}{}% 77
\BOOKMARK [0][-]{chapter.25}{\376\377\000I\000n\000t\000e\000r\000f\000a\000c\000e\000\040\000d\000'\000A\000d\000m\000i\000n\000i\000s\000t\000r\000a\000t\000i\000o\000n}{part.7}% 78
\BOOKMARK [1][-]{section.25.1}{\376\377\000P\000r\000\351\000s\000e\000n\000t\000a\000t\000i\000o\000n}{chapter.25}% 79
\BOOKMARK [1][-]{section.25.2}{\376\377\000A\000c\000c\000\350\000s}{chapter.25}% 80
\BOOKMARK [0][-]{chapter.26}{\376\377\000G\000e\000s\000t\000i\000o\000n\000\040\000d\000e\000s\000\040\000A\000g\000e\000n\000t\000s}{part.7}% 81
\BOOKMARK [1][-]{section.26.1}{\376\377\000F\000o\000n\000c\000t\000i\000o\000n\000n\000a\000l\000i\000t\000\351\000s}{chapter.26}% 82
\BOOKMARK [0][-]{chapter.27}{\376\377\000G\000e\000s\000t\000i\000o\000n\000\040\000O\000l\000l\000a\000m\000a}{part.7}% 83
\BOOKMARK [1][-]{section.27.1}{\376\377\000M\000o\000d\000\350\000l\000e\000s}{chapter.27}% 84
\BOOKMARK [0][-]{chapter.28}{\376\377\000M\000o\000n\000i\000t\000o\000r\000i\000n\000g}{part.7}% 85
\BOOKMARK [1][-]{section.28.1}{\376\377\000M\000\351\000t\000r\000i\000q\000u\000e\000s}{chapter.28}% 86
\BOOKMARK [0][-]{chapter.29}{\376\377\000S\000a\000u\000v\000e\000g\000a\000r\000d\000e\000s}{part.7}% 87
\BOOKMARK [1][-]{section.29.1}{\376\377\000S\000t\000r\000a\000t\000\351\000g\000i\000e}{chapter.29}% 88
\BOOKMARK [-1][-]{part.8}{\376\377\000V\000I\000I\000I\000\040\000V\000O\000L\000U\000M\000E\000\040\0008\000\040\000-\000\040\000D\000A\000S\000H\000B\000O\000A\000R\000D\000\040\000A\000F\000F\000I\000L\000I\000\311\000S}{}% 89
\BOOKMARK [0][-]{chapter.30}{\376\377\000P\000r\000o\000g\000r\000a\000m\000m\000e\000\040\000d\000'\000A\000f\000f\000i\000l\000i\000a\000t\000i\000o\000n}{part.8}% 90
\BOOKMARK [1][-]{section.30.1}{\376\377\000I\000n\000s\000c\000r\000i\000p\000t\000i\000o\000n}{chapter.30}% 91
\BOOKMARK [0][-]{chapter.31}{\376\377\000C\000o\000m\000m\000i\000s\000s\000i\000o\000n\000s}{part.8}% 92
\BOOKMARK [0][-]{chapter.32}{\376\377\000O\000u\000t\000i\000l\000s\000\040\000M\000a\000r\000k\000e\000t\000i\000n\000g}{part.8}% 93
\BOOKMARK [-1][-]{part.9}{\376\377\000I\000X\000\040\000V\000O\000L\000U\000M\000E\000\040\0009\000\040\000-\000\040\000D\000A\000S\000H\000B\000O\000A\000R\000D\000\040\000C\000L\000I\000E\000N\000T}{}% 94
\BOOKMARK [0][-]{chapter.33}{\376\377\000E\000s\000p\000a\000c\000e\000\040\000C\000l\000i\000e\000n\000t}{part.9}% 95
\BOOKMARK [1][-]{section.33.1}{\376\377\000M\000o\000d\000u\000l\000e\000s}{chapter.33}% 96
\BOOKMARK [0][-]{chapter.34}{\376\377\000S\000u\000p\000p\000o\000r\000t}{part.9}% 97
\BOOKMARK [1][-]{section.34.1}{\376\377\000T\000y\000p\000e\000s}{chapter.34}% 98
\BOOKMARK [-1][-]{part.10}{\376\377\000X\000\040\000V\000O\000L\000U\000M\000E\000\040\0001\0000\000\040\000-\000\040\000A\000R\000C\000H\000I\000T\000E\000C\000T\000U\000R\000E\000\040\000T\000E\000C\000H\000N\000I\000Q\000U\000E}{}% 99
\BOOKMARK [0][-]{chapter.35}{\376\377\000S\000t\000a\000c\000k\000\040\000T\000e\000c\000h\000n\000i\000q\000u\000e}{part.10}% 100
\BOOKMARK [1][-]{section.35.1}{\376\377\000F\000r\000o\000n\000t\000e\000n\000d}{chapter.35}% 101
\BOOKMARK [1][-]{section.35.2}{\376\377\000B\000a\000c\000k\000e\000n\000d}{chapter.35}% 102
\BOOKMARK [0][-]{chapter.36}{\376\377\000A\000P\000I}{part.10}% 103
\BOOKMARK [1][-]{section.36.1}{\376\377\000E\000n\000d\000p\000o\000i\000n\000t\000s}{chapter.36}% 104
\BOOKMARK [-1][-]{part.11}{\376\377\000X\000I\000\040\000V\000O\000L\000U\000M\000E\000\040\0001\0001\000\040\000-\000\040\000D\000E\000S\000I\000G\000N\000\040\000S\000Y\000S\000T\000E\000M}{}% 105
\BOOKMARK [0][-]{chapter.37}{\376\377\000P\000r\000i\000n\000c\000i\000p\000e\000s}{part.11}% 106
\BOOKMARK [1][-]{section.37.1}{\376\377\000P\000h\000i\000l\000o\000s\000o\000p\000h\000i\000e}{chapter.37}% 107
\BOOKMARK [0][-]{chapter.38}{\376\377\000C\000o\000m\000p\000o\000s\000a\000n\000t\000s}{part.11}% 108
\BOOKMARK [1][-]{section.38.1}{\376\377\000B\000o\000u\000t\000o\000n\000s}{chapter.38}% 109
\BOOKMARK [0][-]{chapter.39}{\376\377\000R\000e\000s\000p\000o\000n\000s\000i\000v\000e}{part.11}% 110
\BOOKMARK [1][-]{section.39.1}{\376\377\000B\000r\000e\000a\000k\000p\000o\000i\000n\000t\000s}{chapter.39}% 111
\BOOKMARK [-1][-]{part.12}{\376\377\000X\000I\000I\000\040\000V\000O\000L\000U\000M\000E\000\040\0001\0002\000\040\000-\000\040\000D\000\311\000P\000L\000O\000I\000E\000M\000E\000N\000T}{}% 112
\BOOKMARK [0][-]{chapter.40}{\376\377\000D\000o\000c\000k\000e\000r}{part.12}% 113
\BOOKMARK [1][-]{section.40.1}{\376\377\000C\000o\000n\000f\000i\000g\000u\000r\000a\000t\000i\000o\000n}{chapter.40}% 114
\BOOKMARK [0][-]{chapter.41}{\376\377\000O\000l\000l\000a\000m\000a}{part.12}% 115
\BOOKMARK [1][-]{section.41.1}{\376\377\000C\000o\000n\000f\000i\000g\000u\000r\000a\000t\000i\000o\000n}{chapter.41}% 116
\BOOKMARK [0][-]{chapter.42}{\376\377\000M\000a\000i\000n\000t\000e\000n\000a\000n\000c\000e}{part.12}% 117
\BOOKMARK [1][-]{section.42.1}{\376\377\000P\000r\000o\000c\000\351\000d\000u\000r\000e\000s}{chapter.42}% 118
\BOOKMARK [0][-]{chapter.43}{\376\377\000S\000\351\000c\000u\000r\000i\000t\000\351}{part.12}% 119
\BOOKMARK [1][-]{section.43.1}{\376\377\000M\000e\000s\000u\000r\000e\000s}{chapter.43}% 120
\BOOKMARK [0][-]{chapter.44}{\376\377\000R\000o\000a\000d\000m\000a\000p}{part.12}% 121
\BOOKMARK [0][-]{appendix.A}{\376\377\000G\000l\000o\000s\000s\000a\000i\000r\000e}{part.12}% 122
\BOOKMARK [0][-]{appendix.B}{\376\377\000C\000o\000n\000t\000a\000c\000t\000s}{part.12}% 123
