\BOOKMARK [0][-]{chapter*.1}{\376\377\000P\000r\000\351\000f\000a\000c\000e}{}% 1
\BOOKMARK [0][-]{chapter.1}{\376\377\000D\000E\000S\000I\000G\000N\000\040\000G\000R\000A\000P\000H\000I\000Q\000U\000E}{}% 2
\BOOKMARK [1][-]{section.1.1}{\376\377\000P\000r\000\351\000s\000e\000n\000t\000a\000t\000i\000o\000n}{chapter.1}% 3
\BOOKMARK [1][-]{section.1.2}{\376\377\000C\000r\000\351\000a\000t\000i\000o\000n\000\040\000d\000e\000\040\000L\000o\000g\000o}{chapter.1}% 4
\BOOKMARK [2][-]{subsection.1.2.1}{\376\377\000O\000p\000t\000i\000o\000n\000s\000\040\000C\000l\000i\000e\000n\000t}{section.1.2}% 5
\BOOKMARK [1][-]{section.1.3}{\376\377\000I\000d\000e\000n\000t\000i\000t\000\351\000\040\000V\000i\000s\000u\000e\000l\000l\000e}{chapter.1}% 6
\BOOKMARK [2][-]{subsection.1.3.1}{\376\377\000C\000h\000a\000r\000t\000e\000\040\000G\000r\000a\000p\000h\000i\000q\000u\000e\000\040\000C\000o\000m\000p\000l\000\350\000t\000e}{section.1.3}% 7
\BOOKMARK [1][-]{section.1.4}{\376\377\000S\000u\000p\000p\000o\000r\000t\000s\000\040\000P\000u\000b\000l\000i\000c\000i\000t\000a\000i\000r\000e\000s}{chapter.1}% 8
\BOOKMARK [0][-]{chapter.2}{\376\377\000B\000R\000A\000N\000D\000I\000N\000G}{}% 9
\BOOKMARK [1][-]{section.2.1}{\376\377\000P\000r\000\351\000s\000e\000n\000t\000a\000t\000i\000o\000n}{chapter.2}% 10
\BOOKMARK [1][-]{section.2.2}{\376\377\000F\000o\000n\000c\000t\000i\000o\000n\000n\000a\000l\000i\000t\000\351\000s}{chapter.2}% 11
\BOOKMARK [0][-]{chapter.3}{\376\377\000D\000\311\000V\000E\000L\000O\000P\000P\000E\000M\000E\000N\000T\000\040\000W\000E\000B}{}% 12
\BOOKMARK [1][-]{section.3.1}{\376\377\000T\000y\000p\000e\000s\000\040\000d\000e\000\040\000P\000r\000o\000j\000e\000t\000s}{chapter.3}% 13
\BOOKMARK [1][-]{section.3.2}{\376\377\000F\000o\000n\000c\000t\000i\000o\000n\000n\000a\000l\000i\000t\000\351\000s}{chapter.3}% 14
\BOOKMARK [0][-]{chapter.4}{\376\377\000D\000\311\000V\000E\000L\000O\000P\000P\000E\000M\000E\000N\000T\000\040\000M\000O\000B\000I\000L\000E}{}% 15
\BOOKMARK [1][-]{section.4.1}{\376\377\000P\000l\000a\000t\000e\000f\000o\000r\000m\000e\000s}{chapter.4}% 16
\BOOKMARK [1][-]{section.4.2}{\376\377\000F\000o\000n\000c\000t\000i\000o\000n\000s\000\040\000M\000o\000b\000i\000l\000e\000s}{chapter.4}% 17
\BOOKMARK [0][-]{chapter.5}{\376\377\000U\000I\000\040\000/\000\040\000U\000X\000\040\000D\000E\000S\000I\000G\000N}{}% 18
\BOOKMARK [1][-]{section.5.1}{\376\377\000C\000o\000m\000p\000o\000s\000a\000n\000t\000s\000\040\000d\000u\000\040\000D\000e\000s\000i\000g\000n\000\040\000S\000y\000s\000t\000e\000m}{chapter.5}% 19
\BOOKMARK [0][-]{chapter.6}{\376\377\000I\000N\000T\000E\000L\000L\000I\000G\000E\000N\000C\000E\000\040\000A\000R\000T\000I\000F\000I\000C\000I\000E\000L\000L\000E}{}% 20
\BOOKMARK [1][-]{section.6.1}{\376\377\000E\000n\000v\000i\000r\000o\000n\000n\000e\000m\000e\000n\000t}{chapter.6}% 21
\BOOKMARK [1][-]{section.6.2}{\376\377\000C\000a\000p\000a\000c\000i\000t\000\351\000s}{chapter.6}% 22
\BOOKMARK [0][-]{chapter.7}{\376\377\000M\000A\000R\000K\000E\000T\000I\000N\000G\000\040\000D\000I\000G\000I\000T\000A\000L}{}% 23
\BOOKMARK [1][-]{section.7.1}{\376\377\000S\000e\000r\000v\000i\000c\000e\000s}{chapter.7}% 24
\BOOKMARK [0][-]{chapter.8}{\376\377\000A\000I\000\040\000A\000R\000T\000\040\000S\000T\000U\000D\000I\000O}{}% 25
\BOOKMARK [1][-]{section.8.1}{\376\377\000P\000r\000\351\000s\000e\000n\000t\000a\000t\000i\000o\000n}{chapter.8}% 26
\BOOKMARK [1][-]{section.8.2}{\376\377\000S\000t\000y\000l\000e\000s\000\040\000D\000i\000s\000p\000o\000n\000i\000b\000l\000e\000s}{chapter.8}% 27
\BOOKMARK [1][-]{section.8.3}{\376\377\000P\000e\000r\000s\000o\000n\000n\000a\000l\000i\000s\000a\000t\000i\000o\000n}{chapter.8}% 28
\BOOKMARK [0][-]{chapter.9}{\376\377\000D\000\311\000C\000O\000R\000A\000T\000I\000O\000N}{}% 29
\BOOKMARK [1][-]{section.9.1}{\376\377\000P\000r\000o\000d\000u\000i\000t\000s}{chapter.9}% 30
\BOOKMARK [0][-]{chapter.10}{\376\377\000I\000M\000P\000R\000E\000S\000S\000I\000O\000N}{}% 31
\BOOKMARK [1][-]{section.10.1}{\376\377\000S\000u\000p\000p\000o\000r\000t\000s\000\040\000D\000i\000s\000p\000o\000n\000i\000b\000l\000e\000s}{chapter.10}% 32
\BOOKMARK [1][-]{section.10.2}{\376\377\000F\000o\000r\000m\000a\000t\000s}{chapter.10}% 33
\BOOKMARK [0][-]{chapter.11}{\376\377\000M\000A\000R\000K\000E\000T\000P\000L\000A\000C\000E}{}% 34
\BOOKMARK [1][-]{section.11.1}{\376\377\000F\000o\000n\000c\000t\000i\000o\000n\000n\000a\000l\000i\000t\000\351\000s\000\040\000V\000e\000n\000d\000e\000u\000r}{chapter.11}% 35
\BOOKMARK [0][-]{chapter.12}{\376\377\000F\000O\000R\000M\000A\000T\000I\000O\000N}{}% 36
\BOOKMARK [1][-]{section.12.1}{\376\377\000C\000a\000t\000a\000l\000o\000g\000u\000e\000\040\000d\000e\000\040\000F\000o\000r\000m\000a\000t\000i\000o\000n\000s}{chapter.12}% 37
\BOOKMARK [1][-]{section.12.2}{\376\377\000C\000o\000n\000t\000e\000n\000u\000\040\000d\000e\000s\000\040\000F\000o\000r\000m\000a\000t\000i\000o\000n\000s}{chapter.12}% 38
\BOOKMARK [0][-]{chapter.13}{\376\377\000C\000O\000N\000S\000E\000I\000L}{}% 39
\BOOKMARK [1][-]{section.13.1}{\376\377\000A\000c\000c\000o\000m\000p\000a\000g\000n\000e\000m\000e\000n\000t\000\040\000S\000t\000r\000a\000t\000\351\000g\000i\000q\000u\000e}{chapter.13}% 40
\BOOKMARK [0][-]{chapter.14}{\376\377\000M\000A\000I\000N\000T\000E\000N\000A\000N\000C\000E}{}% 41
\BOOKMARK [1][-]{section.14.1}{\376\377\000S\000e\000r\000v\000i\000c\000e\000s}{chapter.14}% 42
\BOOKMARK [0][-]{chapter.15}{\376\377\000H\000\311\000B\000E\000R\000G\000E\000M\000E\000N\000T}{}% 43
\BOOKMARK [1][-]{section.15.1}{\376\377\000S\000o\000l\000u\000t\000i\000o\000n\000s}{chapter.15}% 44
\BOOKMARK [0][-]{chapter.16}{\376\377\000C\000Y\000B\000E\000R\000S\000\311\000C\000U\000R\000I\000T\000\311}{}% 45
\BOOKMARK [1][-]{section.16.1}{\376\377\000F\000o\000n\000c\000t\000i\000o\000n\000s}{chapter.16}% 46
\BOOKMARK [0][-]{chapter.17}{\376\377\000S\000E\000R\000V\000I\000C\000E\000S\000\040\000P\000R\000E\000M\000I\000U\000M\000\040\000E\000N\000T\000E\000R\000P\000R\000I\000S\000E}{}% 47
\BOOKMARK [1][-]{section.17.1}{\376\377\000P\000r\000\351\000s\000e\000n\000t\000a\000t\000i\000o\000n}{chapter.17}% 48
\BOOKMARK [1][-]{section.17.2}{\376\377\000I\000n\000c\000l\000u\000s}{chapter.17}% 49
\BOOKMARK [0][-]{appendix.A}{\376\377\000I\000n\000d\000e\000x\000\040\000d\000e\000s\000\040\000S\000e\000r\000v\000i\000c\000e\000s}{}% 50
