\BOOKMARK [0][-]{chapter*.1}{\376\377\000P\000r\000\351\000f\000a\000c\000e}{}% 1
\BOOKMARK [0][-]{chapter.1}{\376\377\000A\000I\000\040\000C\000R\000E\000A\000T\000I\000V\000E\000\040\000S\000T\000U\000D\000I\000O}{}% 2
\BOOKMARK [1][-]{section.1.1}{\376\377\000P\000r\000\351\000s\000e\000n\000t\000a\000t\000i\000o\000n}{chapter.1}% 3
\BOOKMARK [1][-]{section.1.2}{\376\377\000O\000b\000j\000e\000c\000t\000i\000f\000s}{chapter.1}% 4
\BOOKMARK [0][-]{chapter.2}{\376\377\000A\000I\000\040\000C\000R\000E\000A\000T\000I\000V\000E\000\040\000E\000N\000G\000I\000N\000E}{}% 5
\BOOKMARK [1][-]{section.2.1}{\376\377\000L\000e\000\040\000M\000o\000t\000e\000u\000r\000\040\000C\000r\000\351\000a\000t\000i\000f}{chapter.2}% 6
\BOOKMARK [1][-]{section.2.2}{\376\377\000C\000a\000p\000a\000c\000i\000t\000\351\000s}{chapter.2}% 7
\BOOKMARK [0][-]{chapter.3}{\376\377\000P\000R\000O\000M\000P\000T\000\040\000B\000U\000I\000L\000D\000E\000R\000\040\000P\000R\000E\000M\000I\000U\000M}{}% 8
\BOOKMARK [1][-]{section.3.1}{\376\377\000P\000r\000\351\000s\000e\000n\000t\000a\000t\000i\000o\000n}{chapter.3}% 9
\BOOKMARK [1][-]{section.3.2}{\376\377\000P\000a\000r\000a\000m\000\350\000t\000r\000e\000s\000\040\000D\000i\000s\000p\000o\000n\000i\000b\000l\000e\000s}{chapter.3}% 10
\BOOKMARK [1][-]{section.3.3}{\376\377\000M\000o\000d\000\350\000l\000e\000s\000\040\000P\000r\000\351\000d\000\351\000f\000i\000n\000i\000s}{chapter.3}% 11
\BOOKMARK [0][-]{chapter.4}{\376\377\000G\000\311\000N\000\311\000R\000A\000T\000E\000U\000R\000\040\000A\000R\000T\000I\000S\000T\000I\000Q\000U\000E\000\040\000I\000A}{}% 12
\BOOKMARK [1][-]{section.4.1}{\376\377\000C\000a\000t\000\351\000g\000o\000r\000i\000e\000s\000\040\000d\000e\000\040\000S\000t\000y\000l\000e\000s}{chapter.4}% 13
\BOOKMARK [0][-]{chapter.5}{\376\377\000A\000I\000\040\000I\000N\000T\000E\000R\000I\000O\000R\000\040\000D\000E\000S\000I\000G\000N\000E\000R}{}% 14
\BOOKMARK [1][-]{section.5.1}{\376\377\000P\000r\000\351\000s\000e\000n\000t\000a\000t\000i\000o\000n}{chapter.5}% 15
\BOOKMARK [1][-]{section.5.2}{\376\377\000A\000n\000a\000l\000y\000s\000e\000\040\000d\000e\000\040\000l\000a\000\040\000P\000i\000\350\000c\000e}{chapter.5}% 16
\BOOKMARK [1][-]{section.5.3}{\376\377\000P\000r\000o\000p\000o\000s\000i\000t\000i\000o\000n\000\040\000d\000'\001\122\000u\000v\000r\000e\000s}{chapter.5}% 17
\BOOKMARK [0][-]{chapter.6}{\376\377\000A\000I\000\040\000M\000O\000C\000K\000U\000P\000\040\000S\000T\000U\000D\000I\000O}{}% 18
\BOOKMARK [1][-]{section.6.1}{\376\377\000P\000r\000\351\000s\000e\000n\000t\000a\000t\000i\000o\000n}{chapter.6}% 19
\BOOKMARK [1][-]{section.6.2}{\376\377\000E\000s\000p\000a\000c\000e\000s\000\040\000D\000i\000s\000p\000o\000n\000i\000b\000l\000e\000s}{chapter.6}% 20
\BOOKMARK [1][-]{section.6.3}{\376\377\000P\000e\000r\000s\000o\000n\000n\000a\000l\000i\000s\000a\000t\000i\000o\000n}{chapter.6}% 21
\BOOKMARK [0][-]{chapter.7}{\376\377\000A\000I\000\040\000F\000R\000A\000M\000E\000\040\000S\000T\000U\000D\000I\000O}{}% 22
\BOOKMARK [1][-]{section.7.1}{\376\377\000C\000o\000n\000f\000i\000g\000u\000r\000a\000t\000e\000u\000r\000\040\000d\000e\000\040\000C\000a\000d\000r\000e\000s}{chapter.7}% 23
\BOOKMARK [0][-]{chapter.8}{\376\377\000P\000R\000I\000N\000T\000\040\000C\000E\000N\000T\000E\000R}{}% 24
\BOOKMARK [1][-]{section.8.1}{\376\377\000P\000r\000\351\000s\000e\000n\000t\000a\000t\000i\000o\000n}{chapter.8}% 25
\BOOKMARK [1][-]{section.8.2}{\376\377\000F\000o\000r\000m\000a\000t\000s\000\040\000d\000e\000\040\000S\000o\000r\000t\000i\000e}{chapter.8}% 26
\BOOKMARK [1][-]{section.8.3}{\376\377\000Q\000u\000a\000l\000i\000t\000\351\000\040\000d\000'\000I\000m\000p\000r\000e\000s\000s\000i\000o\000n}{chapter.8}% 27
\BOOKMARK [0][-]{chapter.9}{\376\377\000M\000A\000R\000K\000E\000T\000P\000L\000A\000C\000E}{}% 28
\BOOKMARK [1][-]{section.9.1}{\376\377\000P\000r\000\351\000s\000e\000n\000t\000a\000t\000i\000o\000n}{chapter.9}% 29
\BOOKMARK [1][-]{section.9.2}{\376\377\000F\000i\000c\000h\000e\000\040\000P\000r\000o\000d\000u\000i\000t}{chapter.9}% 30
\BOOKMARK [0][-]{chapter.10}{\376\377\000G\000E\000S\000T\000I\000O\000N\000\040\000D\000E\000S\000\040\000L\000I\000C\000E\000N\000C\000E\000S}{}% 31
\BOOKMARK [1][-]{section.10.1}{\376\377\000N\000i\000v\000e\000a\000u\000x\000\040\000d\000e\000\040\000L\000i\000c\000e\000n\000c\000e}{chapter.10}% 32
\BOOKMARK [0][-]{chapter.11}{\376\377\000C\000O\000L\000L\000E\000C\000T\000I\000O\000N\000S\000\040\000P\000R\000E\000M\000I\000U\000M}{}% 33
\BOOKMARK [1][-]{section.11.1}{\376\377\000P\000r\000\351\000s\000e\000n\000t\000a\000t\000i\000o\000n}{chapter.11}% 34
\BOOKMARK [1][-]{section.11.2}{\376\377\000E\000x\000e\000m\000p\000l\000e\000s\000\040\000d\000e\000\040\000C\000o\000l\000l\000e\000c\000t\000i\000o\000n\000s}{chapter.11}% 35
\BOOKMARK [0][-]{chapter.12}{\376\377\000D\000A\000S\000H\000B\000O\000A\000R\000D\000\040\000A\000R\000T\000I\000S\000T\000E}{}% 36
\BOOKMARK [1][-]{section.12.1}{\376\377\000P\000r\000\351\000s\000e\000n\000t\000a\000t\000i\000o\000n}{chapter.12}% 37
\BOOKMARK [1][-]{section.12.2}{\376\377\000F\000o\000n\000c\000t\000i\000o\000n\000n\000a\000l\000i\000t\000\351\000s}{chapter.12}% 38
\BOOKMARK [0][-]{chapter.13}{\376\377\000D\000A\000S\000H\000B\000O\000A\000R\000D\000\040\000A\000C\000H\000E\000T\000E\000U\000R}{}% 39
\BOOKMARK [1][-]{section.13.1}{\376\377\000F\000o\000n\000c\000t\000i\000o\000n\000n\000a\000l\000i\000t\000\351\000s}{chapter.13}% 40
\BOOKMARK [0][-]{chapter.14}{\376\377\000D\000A\000S\000H\000B\000O\000A\000R\000D\000\040\000A\000D\000M\000I\000N\000I\000S\000T\000R\000A\000T\000E\000U\000R}{}% 41
\BOOKMARK [1][-]{section.14.1}{\376\377\000S\000u\000p\000e\000r\000v\000i\000s\000i\000o\000n}{chapter.14}% 42
\BOOKMARK [0][-]{chapter.15}{\376\377\000A\000U\000T\000O\000M\000A\000T\000I\000S\000A\000T\000I\000O\000N\000\040\000I\000N\000T\000E\000R\000N\000E}{}% 43
\BOOKMARK [1][-]{section.15.1}{\376\377\000P\000r\000o\000c\000e\000s\000s\000u\000s\000\040\000A\000u\000t\000o\000m\000a\000t\000i\000s\000\351\000s}{chapter.15}% 44
\BOOKMARK [0][-]{chapter.16}{\376\377\000T\000E\000C\000H\000N\000O\000L\000O\000G\000I\000E\000S}{}% 45
\BOOKMARK [1][-]{section.16.1}{\376\377\000S\000t\000a\000c\000k\000\040\000T\000e\000c\000h\000n\000i\000q\000u\000e}{chapter.16}% 46
\BOOKMARK [0][-]{chapter.17}{\376\377\000\311\000V\000O\000L\000U\000T\000I\000O\000N\000S\000\040\000P\000R\000\311\000V\000U\000E\000S}{}% 47
\BOOKMARK [1][-]{section.17.1}{\376\377\000R\000o\000a\000d\000m\000a\000p}{chapter.17}% 48
\BOOKMARK [0][-]{appendix.A}{\376\377\000I\000n\000d\000e\000x}{}% 49
